This is pdfTeX, Version 3.14159265-2.6-1.40.16 (TeX Live 2015/Debian) (preloaded format=pdflatex 2017.6.27)  21 SEP 2017 13:57
entering extended mode
 restricted \write18 enabled.
 %&-line parsing enabled.
**GlobalerStundenplan.tex
(./GlobalerStundenplan.tex
LaTeX2e <2016/02/01>
Babel <3.9q> and hyphenation patterns for 36 language(s) loaded.
(/usr/share/texlive/texmf-dist/tex/latex/base/article.cls
Document Class: article 2014/09/29 v1.4h Standard LaTeX document class
(/usr/share/texlive/texmf-dist/tex/latex/base/size10.clo
File: size10.clo 2014/09/29 v1.4h Standard LaTeX file (size option)
)
\c@part=\count79
\c@section=\count80
\c@subsection=\count81
\c@subsubsection=\count82
\c@paragraph=\count83
\c@subparagraph=\count84
\c@figure=\count85
\c@table=\count86
\abovecaptionskip=\skip41
\belowcaptionskip=\skip42
\bibindent=\dimen102
)
(/usr/share/texlive/texmf-dist/tex/latex/preprint/fullpage.sty
Package: fullpage 1999/02/23 1.1 (PWD)
\FP@margin=\skip43
)
(./GlobalerStundenplan.aux)
\openout1 = `GlobalerStundenplan.aux'.

LaTeX Font Info:    Checking defaults for OML/cmm/m/it on input line 1.
LaTeX Font Info:    ... okay on input line 1.
LaTeX Font Info:    Checking defaults for T1/cmr/m/n on input line 1.
LaTeX Font Info:    ... okay on input line 1.
LaTeX Font Info:    Checking defaults for OT1/cmr/m/n on input line 1.
LaTeX Font Info:    ... okay on input line 1.
LaTeX Font Info:    Checking defaults for OMS/cmsy/m/n on input line 1.
LaTeX Font Info:    ... okay on input line 1.
LaTeX Font Info:    Checking defaults for OMX/cmex/m/n on input line 1.
LaTeX Font Info:    ... okay on input line 1.
LaTeX Font Info:    Checking defaults for U/cmr/m/n on input line 1.
LaTeX Font Info:    ... okay on input line 1.
LaTeX Font Info:    External font `cmex10' loaded for size
(Font)              <7> on input line 1.
LaTeX Font Info:    External font `cmex10' loaded for size
(Font)              <5> on input line 1.
Missing character: There is no Ã in font cmr10!
Missing character: There is no ¼ in font cmr10!
Missing character: There is no Ã in font cmr10!
Missing character: There is no ¶ in font cmr10!
Missing character: There is no Ã in font cmr10!
Missing character: There is no ¤ in font cmr10!

Overfull \hbox (9.82344pt too wide) in paragraph at lines 1--1
 [] 
 []

Missing character: There is no Ã in font cmr10!
Missing character: There is no ¤ in font cmr10!
Missing character: There is no Ã in font cmr10!
Missing character: There is no ¶ in font cmr10!
Missing character: There is no Ã in font cmr10!
Missing character: There is no ¼ in font cmr10!

Overfull \hbox (9.82344pt too wide) in paragraph at lines 1--1
 [] 
 []

Missing character: There is no Ã in font cmr10!
Missing character: There is no ¼ in font cmr10!
Missing character: There is no Ã in font cmr10!
Missing character: There is no ¤ in font cmr10!

Underfull \hbox (badness 1490) in paragraph at lines 1--1
[]\OT1/cmr/m/n/10 Praktikum spez-i-fis-che Elek-tro-
 []

Missing character: There is no Ã in font cmr10!
Missing character: There is no ¼ in font cmr10!
Missing character: There is no Ã in font cmr10!
Missing character: There is no Ÿ in font cmr10!
Missing character: There is no Ã in font cmr10!
Missing character: There is no ¼ in font cmr10!

Overfull \hbox (9.82344pt too wide) in paragraph at lines 1--1
 [] 
 []

Missing character: There is no Ã in font cmr10!
Missing character: There is no ¶ in font cmr10!

Underfull \hbox (badness 10000) in paragraph at lines 1--1
[]\OT1/cmr/m/n/10 Komplexe Wech-sel-strom-rech-
 []

Missing character: There is no Ã in font cmr10!
Missing character: There is no ¤ in font cmr10!
Missing character: There is no Ã in font cmr10!
Missing character: There is no ¶ in font cmr10!

Underfull \hbox (badness 1490) in paragraph at lines 1--1
[]\OT1/cmr/m/n/10 Praktikum spez-i-fis-che Elek-tro-
 []

Missing character: There is no Ã in font cmr10!
Missing character: There is no ¼ in font cmr10!
Missing character: There is no Ã in font cmr10!
Missing character: There is no Ÿ in font cmr10!
Missing character: There is no Ã in font cmr10!
Missing character: There is no ¼ in font cmr10!

Overfull \hbox (9.82344pt too wide) in paragraph at lines 1--1
 [] 
 []

[1

{/var/lib/texmf/fonts/map/pdftex/updmap/pdftex.map}]
Missing character: There is no Ã in font cmr10!
Missing character: There is no ¼ in font cmr10!

Underfull \hbox (badness 10000) in paragraph at lines 1--1
[]\OT1/cmr/m/n/10 Aufgabenseminar klas-sis-che
 []

Missing character: There is no Ã in font cmr10!
Missing character: There is no ¶ in font cmr10!

Overfull \hbox (9.82344pt too wide) in paragraph at lines 1--1
 [] 
 []

Missing character: There is no Ã in font cmr10!
Missing character: There is no ¤ in font cmr10!

Overfull \hbox (9.82344pt too wide) in paragraph at lines 1--1
 [] 
 []

Missing character: There is no Ã in font cmr10!
Missing character: There is no ¶ in font cmr10!

Overfull \hbox (9.82344pt too wide) in paragraph at lines 1--1
 [] 
 []


Underfull \hbox (badness 10000) in paragraph at lines 1--1
[]\OT1/cmr/m/n/10 Komplexe Wech-sel-strom-rech-
 []

Missing character: There is no Ã in font cmr10!
Missing character: There is no ¶ in font cmr10!

Underfull \hbox (badness 10000) in paragraph at lines 1--1
[]\OT1/cmr/m/n/10 Aufgabenseminar klas-sis-che
 []


Overfull \hbox (9.82344pt too wide) in paragraph at lines 1--1
 [] 
 []

[2]
Underfull \hbox (badness 10000) in paragraph at lines 1--1
[]\OT1/cmr/m/n/10 Aufgabenseminar Elek-tro-dy-
 []

Missing character: There is no Ã in font cmr10!
Missing character: There is no ¤ in font cmr10!
Missing character: There is no Ã in font cmr10!
Missing character: There is no Ÿ in font cmr10!
Missing character: There is no Ã in font cmr10!
Missing character: There is no ¤ in font cmr10!

Overfull \hbox (9.82344pt too wide) in paragraph at lines 1--1
 [] 
 []


Underfull \hbox (badness 1237) in paragraph at lines 1--1
\OT1/cmr/m/n/10 Atom-physik und Struk-tur der
 []


Underfull \hbox (badness 10000) in paragraph at lines 1--1
[]\OT1/cmr/m/n/10 Aufgabenseminar klas-sis-che
 []


Overfull \hbox (9.82344pt too wide) in paragraph at lines 1--1
 [] 
 []

[3] (./GlobalerStundenplan.aux) ) 
Here is how much of TeX's memory you used:
 230 strings out of 494287
 2713 string characters out of 6161800
 68257 words of memory out of 5000000
 3650 multiletter control sequences out of 15000+600000
 4553 words of font info for 17 fonts, out of 8000000 for 9000
 372 hyphenation exceptions out of 8191
 23i,8n,17p,7734b,215s stack positions out of 5000i,500n,10000p,200000b,80000s
</usr/share/texlive/texmf-dist/fonts/type1/pub
lic/amsfonts/cm/cmbx10.pfb></usr/share/texlive/texmf-dist/fonts/type1/public/am
sfonts/cm/cmbx12.pfb></usr/share/texlive/texmf-dist/fonts/type1/public/amsfonts
/cm/cmr10.pfb>
Output written on GlobalerStundenplan.pdf (3 pages, 52060 bytes).
PDF statistics:
 26 PDF objects out of 1000 (max. 8388607)
 17 compressed objects within 1 object stream
 0 named destinations out of 1000 (max. 500000)
 1 words of extra memory for PDF output out of 10000 (max. 10000000)

