This is pdfTeX, Version 3.14159265-2.6-1.40.16 (TeX Live 2015/Debian) (preloaded format=pdflatex 2017.6.27)  26 SEP 2017 10:44
entering extended mode
 restricted \write18 enabled.
 %&-line parsing enabled.
**LokalerStundenplan.tex
(./LokalerStundenplan.tex
LaTeX2e <2016/02/01>
Babel <3.9q> and hyphenation patterns for 36 language(s) loaded.
(/usr/share/texlive/texmf-dist/tex/latex/base/article.cls
Document Class: article 2014/09/29 v1.4h Standard LaTeX document class
(/usr/share/texlive/texmf-dist/tex/latex/base/size10.clo
File: size10.clo 2014/09/29 v1.4h Standard LaTeX file (size option)
)
\c@part=\count79
\c@section=\count80
\c@subsection=\count81
\c@subsubsection=\count82
\c@paragraph=\count83
\c@subparagraph=\count84
\c@figure=\count85
\c@table=\count86
\abovecaptionskip=\skip41
\belowcaptionskip=\skip42
\bibindent=\dimen102
)
(/usr/share/texlive/texmf-dist/tex/latex/preprint/fullpage.sty
Package: fullpage 1999/02/23 1.1 (PWD)
\FP@margin=\skip43
)
(/usr/share/texlive/texmf-dist/tex/generic/babel/babel.sty
Package: babel 2016/02/24 3.9q The Babel package

(/usr/share/texlive/texmf-dist/tex/generic/babel-german/german.ldf
Language: german 2014/10/10 v2.7b German support for babel (traditional orthogr
aphy)

(/usr/share/texlive/texmf-dist/tex/generic/babel-german/germanb.ldf
Language: germanb 2014/10/10 v2.7b German support for babel (traditional orthog
raphy)

(/usr/share/texlive/texmf-dist/tex/generic/babel/babel.def
File: babel.def 2016/02/24 3.9q Babel common definitions
\babel@savecnt=\count87
\U@D=\dimen103
)
\l@austrian = a dialect from \language\l@german 
Package babel Info: Making " an active character on input line 110.
))
(/usr/share/texlive/texmf-dist/tex/generic/babel-german/ngerman.ldf
Language: ngerman 2013/12/13 v2.7 German support for babel (new orthography)

(/usr/share/texlive/texmf-dist/tex/generic/babel-german/ngermanb.ldf
Language: ngermanb 2013/12/13 v2.7 German support for babel (new orthography)
\l@naustrian = a dialect from \language\l@ngerman 
\l@nswissgerman = a dialect from \language\l@ngerman 
)))
(/usr/share/texlive/texmf-dist/tex/latex/base/inputenc.sty
Package: inputenc 2015/03/17 v1.2c Input encoding file
\inpenc@prehook=\toks14
\inpenc@posthook=\toks15

(/usr/share/texlive/texmf-dist/tex/latex/base/utf8.def
File: utf8.def 2015/12/03 v1.1r UTF-8 support for inputenc
Now handling font encoding OML ...
... no UTF-8 mapping file for font encoding OML
Now handling font encoding T1 ...
... processing UTF-8 mapping file for font encoding T1

(/usr/share/texlive/texmf-dist/tex/latex/base/t1enc.dfu
File: t1enc.dfu 2015/12/03 v1.1r UTF-8 support for inputenc
   defining Unicode char U+00A0 (decimal 160)
   defining Unicode char U+00A1 (decimal 161)
   defining Unicode char U+00A3 (decimal 163)
   defining Unicode char U+00AB (decimal 171)
   defining Unicode char U+00AD (decimal 173)
   defining Unicode char U+00BB (decimal 187)
   defining Unicode char U+00BF (decimal 191)
   defining Unicode char U+00C0 (decimal 192)
   defining Unicode char U+00C1 (decimal 193)
   defining Unicode char U+00C2 (decimal 194)
   defining Unicode char U+00C3 (decimal 195)
   defining Unicode char U+00C4 (decimal 196)
   defining Unicode char U+00C5 (decimal 197)
   defining Unicode char U+00C6 (decimal 198)
   defining Unicode char U+00C7 (decimal 199)
   defining Unicode char U+00C8 (decimal 200)
   defining Unicode char U+00C9 (decimal 201)
   defining Unicode char U+00CA (decimal 202)
   defining Unicode char U+00CB (decimal 203)
   defining Unicode char U+00CC (decimal 204)
   defining Unicode char U+00CD (decimal 205)
   defining Unicode char U+00CE (decimal 206)
   defining Unicode char U+00CF (decimal 207)
   defining Unicode char U+00D0 (decimal 208)
   defining Unicode char U+00D1 (decimal 209)
   defining Unicode char U+00D2 (decimal 210)
   defining Unicode char U+00D3 (decimal 211)
   defining Unicode char U+00D4 (decimal 212)
   defining Unicode char U+00D5 (decimal 213)
   defining Unicode char U+00D6 (decimal 214)
   defining Unicode char U+00D8 (decimal 216)
   defining Unicode char U+00D9 (decimal 217)
   defining Unicode char U+00DA (decimal 218)
   defining Unicode char U+00DB (decimal 219)
   defining Unicode char U+00DC (decimal 220)
   defining Unicode char U+00DD (decimal 221)
   defining Unicode char U+00DE (decimal 222)
   defining Unicode char U+00DF (decimal 223)
   defining Unicode char U+00E0 (decimal 224)
   defining Unicode char U+00E1 (decimal 225)
   defining Unicode char U+00E2 (decimal 226)
   defining Unicode char U+00E3 (decimal 227)
   defining Unicode char U+00E4 (decimal 228)
   defining Unicode char U+00E5 (decimal 229)
   defining Unicode char U+00E6 (decimal 230)
   defining Unicode char U+00E7 (decimal 231)
   defining Unicode char U+00E8 (decimal 232)
   defining Unicode char U+00E9 (decimal 233)
   defining Unicode char U+00EA (decimal 234)
   defining Unicode char U+00EB (decimal 235)
   defining Unicode char U+00EC (decimal 236)
   defining Unicode char U+00ED (decimal 237)
   defining Unicode char U+00EE (decimal 238)
   defining Unicode char U+00EF (decimal 239)
   defining Unicode char U+00F0 (decimal 240)
   defining Unicode char U+00F1 (decimal 241)
   defining Unicode char U+00F2 (decimal 242)
   defining Unicode char U+00F3 (decimal 243)
   defining Unicode char U+00F4 (decimal 244)
   defining Unicode char U+00F5 (decimal 245)
   defining Unicode char U+00F6 (decimal 246)
   defining Unicode char U+00F8 (decimal 248)
   defining Unicode char U+00F9 (decimal 249)
   defining Unicode char U+00FA (decimal 250)
   defining Unicode char U+00FB (decimal 251)
   defining Unicode char U+00FC (decimal 252)
   defining Unicode char U+00FD (decimal 253)
   defining Unicode char U+00FE (decimal 254)
   defining Unicode char U+00FF (decimal 255)
   defining Unicode char U+0100 (decimal 256)
   defining Unicode char U+0101 (decimal 257)
   defining Unicode char U+0102 (decimal 258)
   defining Unicode char U+0103 (decimal 259)
   defining Unicode char U+0104 (decimal 260)
   defining Unicode char U+0105 (decimal 261)
   defining Unicode char U+0106 (decimal 262)
   defining Unicode char U+0107 (decimal 263)
   defining Unicode char U+0108 (decimal 264)
   defining Unicode char U+0109 (decimal 265)
   defining Unicode char U+010A (decimal 266)
   defining Unicode char U+010B (decimal 267)
   defining Unicode char U+010C (decimal 268)
   defining Unicode char U+010D (decimal 269)
   defining Unicode char U+010E (decimal 270)
   defining Unicode char U+010F (decimal 271)
   defining Unicode char U+0110 (decimal 272)
   defining Unicode char U+0111 (decimal 273)
   defining Unicode char U+0112 (decimal 274)
   defining Unicode char U+0113 (decimal 275)
   defining Unicode char U+0114 (decimal 276)
   defining Unicode char U+0115 (decimal 277)
   defining Unicode char U+0116 (decimal 278)
   defining Unicode char U+0117 (decimal 279)
   defining Unicode char U+0118 (decimal 280)
   defining Unicode char U+0119 (decimal 281)
   defining Unicode char U+011A (decimal 282)
   defining Unicode char U+011B (decimal 283)
   defining Unicode char U+011C (decimal 284)
   defining Unicode char U+011D (decimal 285)
   defining Unicode char U+011E (decimal 286)
   defining Unicode char U+011F (decimal 287)
   defining Unicode char U+0120 (decimal 288)
   defining Unicode char U+0121 (decimal 289)
   defining Unicode char U+0122 (decimal 290)
   defining Unicode char U+0123 (decimal 291)
   defining Unicode char U+0124 (decimal 292)
   defining Unicode char U+0125 (decimal 293)
   defining Unicode char U+0128 (decimal 296)
   defining Unicode char U+0129 (decimal 297)
   defining Unicode char U+012A (decimal 298)
   defining Unicode char U+012B (decimal 299)
   defining Unicode char U+012C (decimal 300)
   defining Unicode char U+012D (decimal 301)
   defining Unicode char U+012E (decimal 302)
   defining Unicode char U+012F (decimal 303)
   defining Unicode char U+0130 (decimal 304)
   defining Unicode char U+0131 (decimal 305)
   defining Unicode char U+0132 (decimal 306)
   defining Unicode char U+0133 (decimal 307)
   defining Unicode char U+0134 (decimal 308)
   defining Unicode char U+0135 (decimal 309)
   defining Unicode char U+0136 (decimal 310)
   defining Unicode char U+0137 (decimal 311)
   defining Unicode char U+0139 (decimal 313)
   defining Unicode char U+013A (decimal 314)
   defining Unicode char U+013B (decimal 315)
   defining Unicode char U+013C (decimal 316)
   defining Unicode char U+013D (decimal 317)
   defining Unicode char U+013E (decimal 318)
   defining Unicode char U+0141 (decimal 321)
   defining Unicode char U+0142 (decimal 322)
   defining Unicode char U+0143 (decimal 323)
   defining Unicode char U+0144 (decimal 324)
   defining Unicode char U+0145 (decimal 325)
   defining Unicode char U+0146 (decimal 326)
   defining Unicode char U+0147 (decimal 327)
   defining Unicode char U+0148 (decimal 328)
   defining Unicode char U+014A (decimal 330)
   defining Unicode char U+014B (decimal 331)
   defining Unicode char U+014C (decimal 332)
   defining Unicode char U+014D (decimal 333)
   defining Unicode char U+014E (decimal 334)
   defining Unicode char U+014F (decimal 335)
   defining Unicode char U+0150 (decimal 336)
   defining Unicode char U+0151 (decimal 337)
   defining Unicode char U+0152 (decimal 338)
   defining Unicode char U+0153 (decimal 339)
   defining Unicode char U+0154 (decimal 340)
   defining Unicode char U+0155 (decimal 341)
   defining Unicode char U+0156 (decimal 342)
   defining Unicode char U+0157 (decimal 343)
   defining Unicode char U+0158 (decimal 344)
   defining Unicode char U+0159 (decimal 345)
   defining Unicode char U+015A (decimal 346)
   defining Unicode char U+015B (decimal 347)
   defining Unicode char U+015C (decimal 348)
   defining Unicode char U+015D (decimal 349)
   defining Unicode char U+015E (decimal 350)
   defining Unicode char U+015F (decimal 351)
   defining Unicode char U+0160 (decimal 352)
   defining Unicode char U+0161 (decimal 353)
   defining Unicode char U+0162 (decimal 354)
   defining Unicode char U+0163 (decimal 355)
   defining Unicode char U+0164 (decimal 356)
   defining Unicode char U+0165 (decimal 357)
   defining Unicode char U+0168 (decimal 360)
   defining Unicode char U+0169 (decimal 361)
   defining Unicode char U+016A (decimal 362)
   defining Unicode char U+016B (decimal 363)
   defining Unicode char U+016C (decimal 364)
   defining Unicode char U+016D (decimal 365)
   defining Unicode char U+016E (decimal 366)
   defining Unicode char U+016F (decimal 367)
   defining Unicode char U+0170 (decimal 368)
   defining Unicode char U+0171 (decimal 369)
   defining Unicode char U+0172 (decimal 370)
   defining Unicode char U+0173 (decimal 371)
   defining Unicode char U+0174 (decimal 372)
   defining Unicode char U+0175 (decimal 373)
   defining Unicode char U+0176 (decimal 374)
   defining Unicode char U+0177 (decimal 375)
   defining Unicode char U+0178 (decimal 376)
   defining Unicode char U+0179 (decimal 377)
   defining Unicode char U+017A (decimal 378)
   defining Unicode char U+017B (decimal 379)
   defining Unicode char U+017C (decimal 380)
   defining Unicode char U+017D (decimal 381)
   defining Unicode char U+017E (decimal 382)
   defining Unicode char U+01CD (decimal 461)
   defining Unicode char U+01CE (decimal 462)
   defining Unicode char U+01CF (decimal 463)
   defining Unicode char U+01D0 (decimal 464)
   defining Unicode char U+01D1 (decimal 465)
   defining Unicode char U+01D2 (decimal 466)
   defining Unicode char U+01D3 (decimal 467)
   defining Unicode char U+01D4 (decimal 468)
   defining Unicode char U+01E2 (decimal 482)
   defining Unicode char U+01E3 (decimal 483)
   defining Unicode char U+01E6 (decimal 486)
   defining Unicode char U+01E7 (decimal 487)
   defining Unicode char U+01E8 (decimal 488)
   defining Unicode char U+01E9 (decimal 489)
   defining Unicode char U+01EA (decimal 490)
   defining Unicode char U+01EB (decimal 491)
   defining Unicode char U+01F0 (decimal 496)
   defining Unicode char U+01F4 (decimal 500)
   defining Unicode char U+01F5 (decimal 501)
   defining Unicode char U+0218 (decimal 536)
   defining Unicode char U+0219 (decimal 537)
   defining Unicode char U+021A (decimal 538)
   defining Unicode char U+021B (decimal 539)
   defining Unicode char U+01E02 (decimal 7682)
   defining Unicode char U+01E03 (decimal 7683)
   defining Unicode char U+200C (decimal 8204)
   defining Unicode char U+2013 (decimal 8211)
   defining Unicode char U+2014 (decimal 8212)
   defining Unicode char U+2018 (decimal 8216)
   defining Unicode char U+2019 (decimal 8217)
   defining Unicode char U+201A (decimal 8218)
   defining Unicode char U+201C (decimal 8220)
   defining Unicode char U+201D (decimal 8221)
   defining Unicode char U+201E (decimal 8222)
   defining Unicode char U+2030 (decimal 8240)
   defining Unicode char U+2031 (decimal 8241)
   defining Unicode char U+2039 (decimal 8249)
   defining Unicode char U+203A (decimal 8250)
   defining Unicode char U+2423 (decimal 9251)
)
Now handling font encoding OT1 ...
... processing UTF-8 mapping file for font encoding OT1

(/usr/share/texlive/texmf-dist/tex/latex/base/ot1enc.dfu
File: ot1enc.dfu 2015/12/03 v1.1r UTF-8 support for inputenc
   defining Unicode char U+00A0 (decimal 160)
   defining Unicode char U+00A1 (decimal 161)
   defining Unicode char U+00A3 (decimal 163)
   defining Unicode char U+00AD (decimal 173)
   defining Unicode char U+00B8 (decimal 184)
   defining Unicode char U+00BF (decimal 191)
   defining Unicode char U+00C5 (decimal 197)
   defining Unicode char U+00C6 (decimal 198)
   defining Unicode char U+00D8 (decimal 216)
   defining Unicode char U+00DF (decimal 223)
   defining Unicode char U+00E6 (decimal 230)
   defining Unicode char U+00EC (decimal 236)
   defining Unicode char U+00ED (decimal 237)
   defining Unicode char U+00EE (decimal 238)
   defining Unicode char U+00EF (decimal 239)
   defining Unicode char U+00F8 (decimal 248)
   defining Unicode char U+0131 (decimal 305)
   defining Unicode char U+0141 (decimal 321)
   defining Unicode char U+0142 (decimal 322)
   defining Unicode char U+0152 (decimal 338)
   defining Unicode char U+0153 (decimal 339)
   defining Unicode char U+0174 (decimal 372)
   defining Unicode char U+0175 (decimal 373)
   defining Unicode char U+0176 (decimal 374)
   defining Unicode char U+0177 (decimal 375)
   defining Unicode char U+0218 (decimal 536)
   defining Unicode char U+0219 (decimal 537)
   defining Unicode char U+021A (decimal 538)
   defining Unicode char U+021B (decimal 539)
   defining Unicode char U+2013 (decimal 8211)
   defining Unicode char U+2014 (decimal 8212)
   defining Unicode char U+2018 (decimal 8216)
   defining Unicode char U+2019 (decimal 8217)
   defining Unicode char U+201C (decimal 8220)
   defining Unicode char U+201D (decimal 8221)
)
Now handling font encoding OMS ...
... processing UTF-8 mapping file for font encoding OMS

(/usr/share/texlive/texmf-dist/tex/latex/base/omsenc.dfu
File: omsenc.dfu 2015/12/03 v1.1r UTF-8 support for inputenc
   defining Unicode char U+00A7 (decimal 167)
   defining Unicode char U+00B6 (decimal 182)
   defining Unicode char U+00B7 (decimal 183)
   defining Unicode char U+2020 (decimal 8224)
   defining Unicode char U+2021 (decimal 8225)
   defining Unicode char U+2022 (decimal 8226)
)
Now handling font encoding OMX ...
... no UTF-8 mapping file for font encoding OMX
Now handling font encoding U ...
... no UTF-8 mapping file for font encoding U
   defining Unicode char U+00A9 (decimal 169)
   defining Unicode char U+00AA (decimal 170)
   defining Unicode char U+00AE (decimal 174)
   defining Unicode char U+00BA (decimal 186)
   defining Unicode char U+02C6 (decimal 710)
   defining Unicode char U+02DC (decimal 732)
   defining Unicode char U+200C (decimal 8204)
   defining Unicode char U+2026 (decimal 8230)
   defining Unicode char U+2122 (decimal 8482)
   defining Unicode char U+2423 (decimal 9251)
))
(./LokalerStundenplan.aux)
\openout1 = `LokalerStundenplan.aux'.

LaTeX Font Info:    Checking defaults for OML/cmm/m/it on input line 1.
LaTeX Font Info:    ... okay on input line 1.
LaTeX Font Info:    Checking defaults for T1/cmr/m/n on input line 1.
LaTeX Font Info:    ... okay on input line 1.
LaTeX Font Info:    Checking defaults for OT1/cmr/m/n on input line 1.
LaTeX Font Info:    ... okay on input line 1.
LaTeX Font Info:    Checking defaults for OMS/cmsy/m/n on input line 1.
LaTeX Font Info:    ... okay on input line 1.
LaTeX Font Info:    Checking defaults for OMX/cmex/m/n on input line 1.
LaTeX Font Info:    ... okay on input line 1.
LaTeX Font Info:    Checking defaults for U/cmr/m/n on input line 1.
LaTeX Font Info:    ... okay on input line 1.
LaTeX Font Info:    External font `cmex10' loaded for size
(Font)              <7> on input line 1.
LaTeX Font Info:    External font `cmex10' loaded for size
(Font)              <5> on input line 1.

Underfull \hbox (badness 1577) in paragraph at lines 1--1
[]\OT1/cmr/bx/n/10 Aufgabenseminar Quanten- und
 []


Overfull \hbox (9.82341pt too wide) in paragraph at lines 1--4
[] 
 []


Overfull \hbox (9.82341pt too wide) in paragraph at lines 1--4
[] 
 []


Overfull \hbox (9.82341pt too wide) in paragraph at lines 1--4
[] 
 []


Overfull \hbox (9.82341pt too wide) in paragraph at lines 1--4
[] 
 []


Underfull \hbox (badness 10000) in paragraph at lines 1--4

 []

[1

{/var/lib/texmf/fonts/map/pdftex/updmap/pdftex.map}] [2]
Overfull \hbox (9.82341pt too wide) in paragraph at lines 8--11
[] 
 []


Overfull \hbox (9.82341pt too wide) in paragraph at lines 8--11
[] 
 []


Overfull \hbox (9.82341pt too wide) in paragraph at lines 8--11
[] 
 []


Overfull \hbox (9.82341pt too wide) in paragraph at lines 8--11
[] 
 []


Underfull \hbox (badness 10000) in paragraph at lines 8--11

 []

[3] [4]
Overfull \hbox (9.82341pt too wide) in paragraph at lines 15--18
[] 
 []


Overfull \hbox (9.82341pt too wide) in paragraph at lines 15--18
[] 
 []


Overfull \hbox (9.82341pt too wide) in paragraph at lines 15--18
[] 
 []


Overfull \hbox (9.82341pt too wide) in paragraph at lines 15--18
[] 
 []


Underfull \hbox (badness 10000) in paragraph at lines 15--18

 []

[5] [6]
Underfull \hbox (badness 1577) in paragraph at lines 22--22
[]\OT1/cmr/bx/n/10 Aufgabenseminar Quanten- und
 []


Overfull \hbox (9.82341pt too wide) in paragraph at lines 22--25
[] 
 []


Overfull \hbox (9.82341pt too wide) in paragraph at lines 22--25
[] 
 []


Overfull \hbox (9.82341pt too wide) in paragraph at lines 22--25
[] 
 []


Overfull \hbox (9.82341pt too wide) in paragraph at lines 22--25
[] 
 []


Underfull \hbox (badness 10000) in paragraph at lines 22--25

 []

[7] [8]
Underfull \hbox (badness 2384) in paragraph at lines 29--29
[]\OT1/cmr/bx/n/10 Experiment spe-zi-fi-sche Elek-tro-
 []


Overfull \hbox (9.82341pt too wide) in paragraph at lines 29--32
[] 
 []


Overfull \hbox (9.82341pt too wide) in paragraph at lines 29--32
[] 
 []


Overfull \hbox (9.82341pt too wide) in paragraph at lines 29--32
[] 
 []


Overfull \hbox (9.82341pt too wide) in paragraph at lines 29--32
[] 
 []


Underfull \hbox (badness 10000) in paragraph at lines 29--32

 []

[9] [10]
Underfull \hbox (badness 2384) in paragraph at lines 36--36
[]\OT1/cmr/bx/n/10 Experiment spe-zi-fi-sche Elek-tro-
 []


Overfull \hbox (9.82341pt too wide) in paragraph at lines 36--39
[] 
 []


Overfull \hbox (9.82341pt too wide) in paragraph at lines 36--39
[] 
 []


Overfull \hbox (9.82341pt too wide) in paragraph at lines 36--39
[] 
 []


Overfull \hbox (9.82341pt too wide) in paragraph at lines 36--39
[] 
 []


Underfull \hbox (badness 10000) in paragraph at lines 36--39

 []

[11] [12]
Overfull \hbox (9.82341pt too wide) in paragraph at lines 43--46
[] 
 []


Overfull \hbox (9.82341pt too wide) in paragraph at lines 43--46
[] 
 []


Overfull \hbox (9.82341pt too wide) in paragraph at lines 43--46
[] 
 []


Overfull \hbox (9.82341pt too wide) in paragraph at lines 43--46
[] 
 []


Underfull \hbox (badness 10000) in paragraph at lines 43--46

 []

[13] [14]
Overfull \hbox (9.82341pt too wide) in paragraph at lines 50--53
[] 
 []


Overfull \hbox (9.82341pt too wide) in paragraph at lines 50--53
[] 
 []


Overfull \hbox (9.82341pt too wide) in paragraph at lines 50--53
[] 
 []


Overfull \hbox (9.82341pt too wide) in paragraph at lines 50--53
[] 
 []


Underfull \hbox (badness 10000) in paragraph at lines 50--53

 []

[15] [16]
Overfull \hbox (9.82341pt too wide) in paragraph at lines 57--60
[] 
 []


Overfull \hbox (9.82341pt too wide) in paragraph at lines 57--60
[] 
 []


Overfull \hbox (9.82341pt too wide) in paragraph at lines 57--60
[] 
 []


Overfull \hbox (9.82341pt too wide) in paragraph at lines 57--60
[] 
 []


Underfull \hbox (badness 10000) in paragraph at lines 57--60

 []

[17] [18]
Underfull \hbox (badness 1577) in paragraph at lines 64--64
[]\OT1/cmr/bx/n/10 Aufgabenseminar Quanten- und
 []


Overfull \hbox (9.82341pt too wide) in paragraph at lines 64--67
[] 
 []


Overfull \hbox (9.82341pt too wide) in paragraph at lines 64--67
[] 
 []


Overfull \hbox (9.82341pt too wide) in paragraph at lines 64--67
[] 
 []


Overfull \hbox (9.82341pt too wide) in paragraph at lines 64--67
[] 
 []


Underfull \hbox (badness 10000) in paragraph at lines 64--67

 []

[19] [20]
Overfull \hbox (9.82341pt too wide) in paragraph at lines 71--74
[] 
 []


Overfull \hbox (9.82341pt too wide) in paragraph at lines 71--74
[] 
 []


Overfull \hbox (9.82341pt too wide) in paragraph at lines 71--74
[] 
 []


Overfull \hbox (9.82341pt too wide) in paragraph at lines 71--74
[] 
 []


Underfull \hbox (badness 10000) in paragraph at lines 71--74

 []

[21] [22]
Overfull \hbox (9.82341pt too wide) in paragraph at lines 78--81
[] 
 []


Overfull \hbox (9.82341pt too wide) in paragraph at lines 78--81
[] 
 []


Overfull \hbox (9.82341pt too wide) in paragraph at lines 78--81
[] 
 []


Overfull \hbox (9.82341pt too wide) in paragraph at lines 78--81
[] 
 []


Underfull \hbox (badness 10000) in paragraph at lines 78--81

 []

[23] [24]
Underfull \hbox (badness 2384) in paragraph at lines 85--85
[]\OT1/cmr/bx/n/10 Experiment spe-zi-fi-sche Elek-tro-
 []


Overfull \hbox (9.82341pt too wide) in paragraph at lines 85--88
[] 
 []


Overfull \hbox (9.82341pt too wide) in paragraph at lines 85--88
[] 
 []


Overfull \hbox (9.82341pt too wide) in paragraph at lines 85--88
[] 
 []


Overfull \hbox (9.82341pt too wide) in paragraph at lines 85--88
[] 
 []


Underfull \hbox (badness 10000) in paragraph at lines 85--88

 []

[25] [26]
Underfull \hbox (badness 1558) in paragraph at lines 92--92
[]\OT1/cmr/bx/n/10 Experiment Op-ti-sche Ab-bil-dun-
 []


Overfull \hbox (9.82341pt too wide) in paragraph at lines 92--95
[] 
 []


Overfull \hbox (9.82341pt too wide) in paragraph at lines 92--95
[] 
 []


Overfull \hbox (9.82341pt too wide) in paragraph at lines 92--95
[] 
 []


Overfull \hbox (9.82341pt too wide) in paragraph at lines 92--95
[] 
 []


Underfull \hbox (badness 10000) in paragraph at lines 92--95

 []

[27] [28]
Overfull \hbox (9.82341pt too wide) in paragraph at lines 99--102
[] 
 []


Overfull \hbox (9.82341pt too wide) in paragraph at lines 99--102
[] 
 []


Overfull \hbox (9.82341pt too wide) in paragraph at lines 99--102
[] 
 []


Overfull \hbox (9.82341pt too wide) in paragraph at lines 99--102
[] 
 []


Underfull \hbox (badness 10000) in paragraph at lines 99--102

 []

[29] [30]
Underfull \hbox (badness 2384) in paragraph at lines 106--106
[]\OT1/cmr/bx/n/10 Experiment spe-zi-fi-sche Elek-tro-
 []


Overfull \hbox (9.82341pt too wide) in paragraph at lines 106--109
[] 
 []


Overfull \hbox (9.82341pt too wide) in paragraph at lines 106--109
[] 
 []


Overfull \hbox (9.82341pt too wide) in paragraph at lines 106--109
[] 
 []


Overfull \hbox (9.82341pt too wide) in paragraph at lines 106--109
[] 
 []


Underfull \hbox (badness 10000) in paragraph at lines 106--109

 []

[31] [32]
Overfull \hbox (9.82341pt too wide) in paragraph at lines 113--116
[] 
 []


Overfull \hbox (9.82341pt too wide) in paragraph at lines 113--116
[] 
 []


Overfull \hbox (9.82341pt too wide) in paragraph at lines 113--116
[] 
 []


Overfull \hbox (9.82341pt too wide) in paragraph at lines 113--116
[] 
 []


Underfull \hbox (badness 10000) in paragraph at lines 113--116

 []

[33] [34]
Overfull \hbox (9.82341pt too wide) in paragraph at lines 120--123
[] 
 []


Overfull \hbox (9.82341pt too wide) in paragraph at lines 120--123
[] 
 []


Overfull \hbox (9.82341pt too wide) in paragraph at lines 120--123
[] 
 []


Overfull \hbox (9.82341pt too wide) in paragraph at lines 120--123
[] 
 []


Underfull \hbox (badness 10000) in paragraph at lines 120--123

 []

[35] [36]
Overfull \hbox (9.82341pt too wide) in paragraph at lines 127--130
[] 
 []


Overfull \hbox (9.82341pt too wide) in paragraph at lines 127--130
[] 
 []


Overfull \hbox (9.82341pt too wide) in paragraph at lines 127--130
[] 
 []


Overfull \hbox (9.82341pt too wide) in paragraph at lines 127--130
[] 
 []


Underfull \hbox (badness 10000) in paragraph at lines 127--130

 []

[37] [38]
Overfull \hbox (9.82341pt too wide) in paragraph at lines 134--137
[] 
 []


Overfull \hbox (9.82341pt too wide) in paragraph at lines 134--137
[] 
 []


Overfull \hbox (9.82341pt too wide) in paragraph at lines 134--137
[] 
 []


Overfull \hbox (9.82341pt too wide) in paragraph at lines 134--137
[] 
 []


Underfull \hbox (badness 10000) in paragraph at lines 134--137

 []

[39] [40]
Underfull \hbox (badness 2384) in paragraph at lines 141--141
[]\OT1/cmr/bx/n/10 Experiment spe-zi-fi-sche Elek-tro-
 []


Overfull \hbox (9.82341pt too wide) in paragraph at lines 141--144
[] 
 []


Overfull \hbox (9.82341pt too wide) in paragraph at lines 141--144
[] 
 []


Overfull \hbox (9.82341pt too wide) in paragraph at lines 141--144
[] 
 []


Overfull \hbox (9.82341pt too wide) in paragraph at lines 141--144
[] 
 []


Underfull \hbox (badness 10000) in paragraph at lines 141--144

 []

[41] [42]
Underfull \hbox (badness 1558) in paragraph at lines 148--148
[]\OT1/cmr/bx/n/10 Experiment Op-ti-sche Ab-bil-dun-
 []


Overfull \hbox (9.82341pt too wide) in paragraph at lines 148--151
[] 
 []


Overfull \hbox (9.82341pt too wide) in paragraph at lines 148--151
[] 
 []


Overfull \hbox (9.82341pt too wide) in paragraph at lines 148--151
[] 
 []


Overfull \hbox (9.82341pt too wide) in paragraph at lines 148--151
[] 
 []


Underfull \hbox (badness 10000) in paragraph at lines 148--151

 []

[43] [44]
Underfull \hbox (badness 2384) in paragraph at lines 155--155
[]\OT1/cmr/bx/n/10 Experiment spe-zi-fi-sche Elek-tro-
 []


Overfull \hbox (9.82341pt too wide) in paragraph at lines 155--158
[] 
 []


Overfull \hbox (9.82341pt too wide) in paragraph at lines 155--158
[] 
 []


Overfull \hbox (9.82341pt too wide) in paragraph at lines 155--158
[] 
 []


Overfull \hbox (9.82341pt too wide) in paragraph at lines 155--158
[] 
 []


Underfull \hbox (badness 10000) in paragraph at lines 155--158

 []

[45] [46]
Overfull \hbox (9.82341pt too wide) in paragraph at lines 162--165
[] 
 []


Overfull \hbox (9.82341pt too wide) in paragraph at lines 162--165
[] 
 []


Overfull \hbox (9.82341pt too wide) in paragraph at lines 162--165
[] 
 []


Overfull \hbox (9.82341pt too wide) in paragraph at lines 162--165
[] 
 []


Underfull \hbox (badness 10000) in paragraph at lines 162--165

 []

[47] [48]
Overfull \hbox (9.82341pt too wide) in paragraph at lines 169--172
[] 
 []


Overfull \hbox (9.82341pt too wide) in paragraph at lines 169--172
[] 
 []


Overfull \hbox (9.82341pt too wide) in paragraph at lines 169--172
[] 
 []


Overfull \hbox (9.82341pt too wide) in paragraph at lines 169--172
[] 
 []


Underfull \hbox (badness 10000) in paragraph at lines 169--172

 []

[49] [50]
Underfull \hbox (badness 2384) in paragraph at lines 176--176
[]\OT1/cmr/bx/n/10 Experiment spe-zi-fi-sche Elek-tro-
 []


Underfull \hbox (badness 1558) in paragraph at lines 176--176
[]\OT1/cmr/bx/n/10 Experiment Op-ti-sche Ab-bil-dun-
 []


Overfull \hbox (9.82341pt too wide) in paragraph at lines 176--179
[] 
 []


Overfull \hbox (9.82341pt too wide) in paragraph at lines 176--179
[] 
 []


Overfull \hbox (9.82341pt too wide) in paragraph at lines 176--179
[] 
 []


Overfull \hbox (9.82341pt too wide) in paragraph at lines 176--179
[] 
 []


Underfull \hbox (badness 10000) in paragraph at lines 176--179

 []

[51] [52]
Overfull \hbox (9.82341pt too wide) in paragraph at lines 183--186
[] 
 []


Overfull \hbox (9.82341pt too wide) in paragraph at lines 183--186
[] 
 []


Overfull \hbox (9.82341pt too wide) in paragraph at lines 183--186
[] 
 []


Overfull \hbox (9.82341pt too wide) in paragraph at lines 183--186
[] 
 []


Underfull \hbox (badness 10000) in paragraph at lines 183--186

 []

[53] [54]
Underfull \hbox (badness 2384) in paragraph at lines 190--190
[]\OT1/cmr/bx/n/10 Experiment spe-zi-fi-sche Elek-tro-
 []


Underfull \hbox (badness 1577) in paragraph at lines 190--190
[]\OT1/cmr/bx/n/10 Aufgabenseminar Quanten- und
 []


Overfull \hbox (9.82341pt too wide) in paragraph at lines 190--193
[] 
 []


Overfull \hbox (9.82341pt too wide) in paragraph at lines 190--193
[] 
 []


Overfull \hbox (9.82341pt too wide) in paragraph at lines 190--193
[] 
 []


Overfull \hbox (9.82341pt too wide) in paragraph at lines 190--193
[] 
 []


Underfull \hbox (badness 10000) in paragraph at lines 190--193

 []

[55] [56]
Overfull \hbox (9.82341pt too wide) in paragraph at lines 197--200
[] 
 []


Overfull \hbox (9.82341pt too wide) in paragraph at lines 197--200
[] 
 []


Overfull \hbox (9.82341pt too wide) in paragraph at lines 197--200
[] 
 []


Overfull \hbox (9.82341pt too wide) in paragraph at lines 197--200
[] 
 []


Underfull \hbox (badness 10000) in paragraph at lines 197--200

 []

[57] [58]
Overfull \hbox (9.82341pt too wide) in paragraph at lines 204--207
[] 
 []


Overfull \hbox (9.82341pt too wide) in paragraph at lines 204--207
[] 
 []


Overfull \hbox (9.82341pt too wide) in paragraph at lines 204--207
[] 
 []


Overfull \hbox (9.82341pt too wide) in paragraph at lines 204--207
[] 
 []


Underfull \hbox (badness 10000) in paragraph at lines 204--207

 []

[59] [60]
Underfull \hbox (badness 1577) in paragraph at lines 211--211
[]\OT1/cmr/bx/n/10 Aufgabenseminar Quanten- und
 []


Overfull \hbox (9.82341pt too wide) in paragraph at lines 211--214
[] 
 []


Overfull \hbox (9.82341pt too wide) in paragraph at lines 211--214
[] 
 []


Overfull \hbox (9.82341pt too wide) in paragraph at lines 211--214
[] 
 []


Overfull \hbox (9.82341pt too wide) in paragraph at lines 211--214
[] 
 []


Underfull \hbox (badness 10000) in paragraph at lines 211--214

 []

[61] [62]
Overfull \hbox (9.82341pt too wide) in paragraph at lines 218--221
[] 
 []


Overfull \hbox (9.82341pt too wide) in paragraph at lines 218--221
[] 
 []


Overfull \hbox (9.82341pt too wide) in paragraph at lines 218--221
[] 
 []


Overfull \hbox (9.82341pt too wide) in paragraph at lines 218--221
[] 
 []


Underfull \hbox (badness 10000) in paragraph at lines 218--221

 []

[63] [64]
Underfull \hbox (badness 1558) in paragraph at lines 225--225
[]\OT1/cmr/bx/n/10 Experiment Op-ti-sche Ab-bil-dun-
 []


Overfull \hbox (9.82341pt too wide) in paragraph at lines 225--228
[] 
 []


Overfull \hbox (9.82341pt too wide) in paragraph at lines 225--228
[] 
 []


Overfull \hbox (9.82341pt too wide) in paragraph at lines 225--228
[] 
 []


Overfull \hbox (9.82341pt too wide) in paragraph at lines 225--228
[] 
 []


Underfull \hbox (badness 10000) in paragraph at lines 225--228

 []

[65] [66]
Overfull \hbox (9.82341pt too wide) in paragraph at lines 232--235
[] 
 []


Overfull \hbox (9.82341pt too wide) in paragraph at lines 232--235
[] 
 []


Overfull \hbox (9.82341pt too wide) in paragraph at lines 232--235
[] 
 []


Overfull \hbox (9.82341pt too wide) in paragraph at lines 232--235
[] 
 []


Underfull \hbox (badness 10000) in paragraph at lines 232--235

 []

[67] [68]
Overfull \hbox (9.82341pt too wide) in paragraph at lines 239--242
[] 
 []


Overfull \hbox (9.82341pt too wide) in paragraph at lines 239--242
[] 
 []


Overfull \hbox (9.82341pt too wide) in paragraph at lines 239--242
[] 
 []


Overfull \hbox (9.82341pt too wide) in paragraph at lines 239--242
[] 
 []


Underfull \hbox (badness 10000) in paragraph at lines 239--242

 []

[69] [70]
Underfull \hbox (badness 10000) in paragraph at lines 246--246
[]\OT1/cmr/bx/n/10 Aufgabenseminar Elek-tro-dy-na-
 []


Underfull \hbox (badness 1577) in paragraph at lines 246--246
[]\OT1/cmr/bx/n/10 Aufgabenseminar Quanten- und
 []


Overfull \hbox (9.82341pt too wide) in paragraph at lines 246--249
[] 
 []


Overfull \hbox (9.82341pt too wide) in paragraph at lines 246--249
[] 
 []


Overfull \hbox (9.82341pt too wide) in paragraph at lines 246--249
[] 
 []


Overfull \hbox (9.82341pt too wide) in paragraph at lines 246--249
[] 
 []


Underfull \hbox (badness 10000) in paragraph at lines 246--249

 []

[71] [72]
Overfull \hbox (9.82341pt too wide) in paragraph at lines 253--256
[] 
 []


Overfull \hbox (9.82341pt too wide) in paragraph at lines 253--256
[] 
 []


Overfull \hbox (9.82341pt too wide) in paragraph at lines 253--256
[] 
 []


Overfull \hbox (9.82341pt too wide) in paragraph at lines 253--256
[] 
 []


Underfull \hbox (badness 10000) in paragraph at lines 253--256

 []

[73] [74]
Overfull \hbox (9.82341pt too wide) in paragraph at lines 260--263
[] 
 []


Overfull \hbox (9.82341pt too wide) in paragraph at lines 260--263
[] 
 []


Overfull \hbox (9.82341pt too wide) in paragraph at lines 260--263
[] 
 []


Overfull \hbox (9.82341pt too wide) in paragraph at lines 260--263
[] 
 []


Underfull \hbox (badness 10000) in paragraph at lines 260--263

 []

[75] [76]
Underfull \hbox (badness 1558) in paragraph at lines 267--267
[]\OT1/cmr/bx/n/10 Experiment Op-ti-sche Ab-bil-dun-
 []


Underfull \hbox (badness 10000) in paragraph at lines 267--267
[]\OT1/cmr/bx/n/10 Aufgabenseminar Elek-tro-dy-na-
 []


Overfull \hbox (9.82341pt too wide) in paragraph at lines 267--270
[] 
 []


Overfull \hbox (9.82341pt too wide) in paragraph at lines 267--270
[] 
 []


Overfull \hbox (9.82341pt too wide) in paragraph at lines 267--270
[] 
 []


Overfull \hbox (9.82341pt too wide) in paragraph at lines 267--270
[] 
 []


Underfull \hbox (badness 10000) in paragraph at lines 267--270

 []

[77] [78]
Underfull \hbox (badness 2384) in paragraph at lines 274--274
[]\OT1/cmr/bx/n/10 Experiment spe-zi-fi-sche Elek-tro-
 []


Underfull \hbox (badness 10000) in paragraph at lines 274--274
[]\OT1/cmr/bx/n/10 Aufgabenseminar Elek-tro-dy-na-
 []


Overfull \hbox (9.82341pt too wide) in paragraph at lines 274--277
[] 
 []


Overfull \hbox (9.82341pt too wide) in paragraph at lines 274--277
[] 
 []


Overfull \hbox (9.82341pt too wide) in paragraph at lines 274--277
[] 
 []


Overfull \hbox (9.82341pt too wide) in paragraph at lines 274--277
[] 
 []


Underfull \hbox (badness 10000) in paragraph at lines 274--277

 []

[79] [80]
Overfull \hbox (9.82341pt too wide) in paragraph at lines 281--284
[] 
 []


Overfull \hbox (9.82341pt too wide) in paragraph at lines 281--284
[] 
 []


Overfull \hbox (9.82341pt too wide) in paragraph at lines 281--284
[] 
 []


Overfull \hbox (9.82341pt too wide) in paragraph at lines 281--284
[] 
 []


Underfull \hbox (badness 10000) in paragraph at lines 281--284

 []

[81] [82]
Underfull \hbox (badness 1558) in paragraph at lines 288--288
[]\OT1/cmr/bx/n/10 Experiment Op-ti-sche Ab-bil-dun-
 []


Overfull \hbox (9.82341pt too wide) in paragraph at lines 288--291
[] 
 []


Overfull \hbox (9.82341pt too wide) in paragraph at lines 288--291
[] 
 []


Overfull \hbox (9.82341pt too wide) in paragraph at lines 288--291
[] 
 []


Overfull \hbox (9.82341pt too wide) in paragraph at lines 288--291
[] 
 []


Underfull \hbox (badness 10000) in paragraph at lines 288--291

 []

[83] [84]
Overfull \hbox (9.82341pt too wide) in paragraph at lines 295--298
[] 
 []


Overfull \hbox (9.82341pt too wide) in paragraph at lines 295--298
[] 
 []


Overfull \hbox (9.82341pt too wide) in paragraph at lines 295--298
[] 
 []


Overfull \hbox (9.82341pt too wide) in paragraph at lines 295--298
[] 
 []


Underfull \hbox (badness 10000) in paragraph at lines 295--298

 []

[85] [86]
Underfull \hbox (badness 1577) in paragraph at lines 302--302
[]\OT1/cmr/bx/n/10 Aufgabenseminar Quanten- und
 []


Overfull \hbox (9.82341pt too wide) in paragraph at lines 302--305
[] 
 []


Overfull \hbox (9.82341pt too wide) in paragraph at lines 302--305
[] 
 []


Overfull \hbox (9.82341pt too wide) in paragraph at lines 302--305
[] 
 []


Overfull \hbox (9.82341pt too wide) in paragraph at lines 302--305
[] 
 []


Underfull \hbox (badness 10000) in paragraph at lines 302--305

 []

[87] [88]
Underfull \hbox (badness 1577) in paragraph at lines 309--309
[]\OT1/cmr/bx/n/10 Aufgabenseminar Quanten- und
 []


Overfull \hbox (9.82341pt too wide) in paragraph at lines 309--312
[] 
 []


Overfull \hbox (9.82341pt too wide) in paragraph at lines 309--312
[] 
 []


Overfull \hbox (9.82341pt too wide) in paragraph at lines 309--312
[] 
 []


Overfull \hbox (9.82341pt too wide) in paragraph at lines 309--312
[] 
 []


Underfull \hbox (badness 10000) in paragraph at lines 309--312

 []

[89] [90]
Underfull \hbox (badness 1577) in paragraph at lines 316--316
[]\OT1/cmr/bx/n/10 Aufgabenseminar Quanten- und
 []


Overfull \hbox (9.82341pt too wide) in paragraph at lines 316--319
[] 
 []


Overfull \hbox (9.82341pt too wide) in paragraph at lines 316--319
[] 
 []


Overfull \hbox (9.82341pt too wide) in paragraph at lines 316--319
[] 
 []


Overfull \hbox (9.82341pt too wide) in paragraph at lines 316--319
[] 
 []


Underfull \hbox (badness 10000) in paragraph at lines 316--319

 []

[91] [92]
Overfull \hbox (9.82341pt too wide) in paragraph at lines 323--326
[] 
 []


Overfull \hbox (9.82341pt too wide) in paragraph at lines 323--326
[] 
 []


Overfull \hbox (9.82341pt too wide) in paragraph at lines 323--326
[] 
 []


Overfull \hbox (9.82341pt too wide) in paragraph at lines 323--326
[] 
 []


Underfull \hbox (badness 10000) in paragraph at lines 323--326

 []

[93] [94]
Underfull \hbox (badness 1558) in paragraph at lines 330--330
[]\OT1/cmr/bx/n/10 Experiment Op-ti-sche Ab-bil-dun-
 []


Overfull \hbox (9.82341pt too wide) in paragraph at lines 330--333
[] 
 []


Overfull \hbox (9.82341pt too wide) in paragraph at lines 330--333
[] 
 []


Overfull \hbox (9.82341pt too wide) in paragraph at lines 330--333
[] 
 []


Overfull \hbox (9.82341pt too wide) in paragraph at lines 330--333
[] 
 []


Underfull \hbox (badness 10000) in paragraph at lines 330--333

 []

[95] [96]
Underfull \hbox (badness 2384) in paragraph at lines 337--337
[]\OT1/cmr/bx/n/10 Experiment spe-zi-fi-sche Elek-tro-
 []


Overfull \hbox (9.82341pt too wide) in paragraph at lines 337--340
[] 
 []


Overfull \hbox (9.82341pt too wide) in paragraph at lines 337--340
[] 
 []


Overfull \hbox (9.82341pt too wide) in paragraph at lines 337--340
[] 
 []


Overfull \hbox (9.82341pt too wide) in paragraph at lines 337--340
[] 
 []


Underfull \hbox (badness 10000) in paragraph at lines 337--340

 []

[97] [98]
Overfull \hbox (9.82341pt too wide) in paragraph at lines 344--347
[] 
 []


Overfull \hbox (9.82341pt too wide) in paragraph at lines 344--347
[] 
 []


Overfull \hbox (9.82341pt too wide) in paragraph at lines 344--347
[] 
 []


Overfull \hbox (9.82341pt too wide) in paragraph at lines 344--347
[] 
 []


Underfull \hbox (badness 10000) in paragraph at lines 344--347

 []

[99] [100]
Underfull \hbox (badness 1577) in paragraph at lines 351--351
[]\OT1/cmr/bx/n/10 Aufgabenseminar Quanten- und
 []


Overfull \hbox (9.82341pt too wide) in paragraph at lines 351--354
[] 
 []


Overfull \hbox (9.82341pt too wide) in paragraph at lines 351--354
[] 
 []


Overfull \hbox (9.82341pt too wide) in paragraph at lines 351--354
[] 
 []


Overfull \hbox (9.82341pt too wide) in paragraph at lines 351--354
[] 
 []


Underfull \hbox (badness 10000) in paragraph at lines 351--354

 []

[101] [102]
Underfull \hbox (badness 2384) in paragraph at lines 358--358
[]\OT1/cmr/bx/n/10 Experiment spe-zi-fi-sche Elek-tro-
 []


Underfull \hbox (badness 1577) in paragraph at lines 358--358
[]\OT1/cmr/bx/n/10 Aufgabenseminar Quanten- und
 []


Overfull \hbox (9.82341pt too wide) in paragraph at lines 358--361
[] 
 []


Overfull \hbox (9.82341pt too wide) in paragraph at lines 358--361
[] 
 []


Overfull \hbox (9.82341pt too wide) in paragraph at lines 358--361
[] 
 []


Overfull \hbox (9.82341pt too wide) in paragraph at lines 358--361
[] 
 []


Underfull \hbox (badness 10000) in paragraph at lines 358--361

 []

[103] [104]
Overfull \hbox (9.82341pt too wide) in paragraph at lines 365--368
[] 
 []


Overfull \hbox (9.82341pt too wide) in paragraph at lines 365--368
[] 
 []


Overfull \hbox (9.82341pt too wide) in paragraph at lines 365--368
[] 
 []


Overfull \hbox (9.82341pt too wide) in paragraph at lines 365--368
[] 
 []


Underfull \hbox (badness 10000) in paragraph at lines 365--368

 []

[105] [106]
Overfull \hbox (9.82341pt too wide) in paragraph at lines 372--375
[] 
 []


Overfull \hbox (9.82341pt too wide) in paragraph at lines 372--375
[] 
 []


Overfull \hbox (9.82341pt too wide) in paragraph at lines 372--375
[] 
 []


Overfull \hbox (9.82341pt too wide) in paragraph at lines 372--375
[] 
 []


Underfull \hbox (badness 10000) in paragraph at lines 372--375

 []

[107] [108]
Underfull \hbox (badness 1577) in paragraph at lines 379--379
[]\OT1/cmr/bx/n/10 Aufgabenseminar Quanten- und
 []


Overfull \hbox (9.82341pt too wide) in paragraph at lines 379--382
[] 
 []


Overfull \hbox (9.82341pt too wide) in paragraph at lines 379--382
[] 
 []


Overfull \hbox (9.82341pt too wide) in paragraph at lines 379--382
[] 
 []


Overfull \hbox (9.82341pt too wide) in paragraph at lines 379--382
[] 
 []


Underfull \hbox (badness 10000) in paragraph at lines 379--382

 []

[109] [110]
Overfull \hbox (9.82341pt too wide) in paragraph at lines 386--389
[] 
 []


Overfull \hbox (9.82341pt too wide) in paragraph at lines 386--389
[] 
 []


Overfull \hbox (9.82341pt too wide) in paragraph at lines 386--389
[] 
 []


Overfull \hbox (9.82341pt too wide) in paragraph at lines 386--389
[] 
 []


Underfull \hbox (badness 10000) in paragraph at lines 386--389

 []

[111] [112]
Overfull \hbox (9.82341pt too wide) in paragraph at lines 393--396
[] 
 []


Overfull \hbox (9.82341pt too wide) in paragraph at lines 393--396
[] 
 []


Overfull \hbox (9.82341pt too wide) in paragraph at lines 393--396
[] 
 []


Overfull \hbox (9.82341pt too wide) in paragraph at lines 393--396
[] 
 []


Underfull \hbox (badness 10000) in paragraph at lines 393--396

 []

[113] [114]
Underfull \hbox (badness 1577) in paragraph at lines 400--400
[]\OT1/cmr/bx/n/10 Aufgabenseminar Quanten- und
 []


Overfull \hbox (9.82341pt too wide) in paragraph at lines 400--403
[] 
 []


Overfull \hbox (9.82341pt too wide) in paragraph at lines 400--403
[] 
 []


Overfull \hbox (9.82341pt too wide) in paragraph at lines 400--403
[] 
 []


Overfull \hbox (9.82341pt too wide) in paragraph at lines 400--403
[] 
 []


Underfull \hbox (badness 10000) in paragraph at lines 400--403

 []

[115] [116]
Overfull \hbox (9.82341pt too wide) in paragraph at lines 407--410
[] 
 []


Overfull \hbox (9.82341pt too wide) in paragraph at lines 407--410
[] 
 []


Overfull \hbox (9.82341pt too wide) in paragraph at lines 407--410
[] 
 []


Overfull \hbox (9.82341pt too wide) in paragraph at lines 407--410
[] 
 []


Underfull \hbox (badness 10000) in paragraph at lines 407--410

 []

[117] [118]
Underfull \hbox (badness 1577) in paragraph at lines 414--414
[]\OT1/cmr/bx/n/10 Aufgabenseminar Quanten- und
 []


Overfull \hbox (9.82341pt too wide) in paragraph at lines 414--417
[] 
 []


Overfull \hbox (9.82341pt too wide) in paragraph at lines 414--417
[] 
 []


Overfull \hbox (9.82341pt too wide) in paragraph at lines 414--417
[] 
 []


Overfull \hbox (9.82341pt too wide) in paragraph at lines 414--417
[] 
 []


Underfull \hbox (badness 10000) in paragraph at lines 414--417

 []

[119] [120]
Overfull \hbox (9.82341pt too wide) in paragraph at lines 421--424
[] 
 []


Overfull \hbox (9.82341pt too wide) in paragraph at lines 421--424
[] 
 []


Overfull \hbox (9.82341pt too wide) in paragraph at lines 421--424
[] 
 []


Overfull \hbox (9.82341pt too wide) in paragraph at lines 421--424
[] 
 []


Underfull \hbox (badness 10000) in paragraph at lines 421--424

 []

[121] [122]
Underfull \hbox (badness 2384) in paragraph at lines 428--428
[]\OT1/cmr/bx/n/10 Experiment spe-zi-fi-sche Elek-tro-
 []


Overfull \hbox (9.82341pt too wide) in paragraph at lines 428--431
[] 
 []


Overfull \hbox (9.82341pt too wide) in paragraph at lines 428--431
[] 
 []


Overfull \hbox (9.82341pt too wide) in paragraph at lines 428--431
[] 
 []


Overfull \hbox (9.82341pt too wide) in paragraph at lines 428--431
[] 
 []


Underfull \hbox (badness 10000) in paragraph at lines 428--431

 []

[123] [124]
Overfull \hbox (9.82341pt too wide) in paragraph at lines 435--438
[] 
 []


Overfull \hbox (9.82341pt too wide) in paragraph at lines 435--438
[] 
 []


Overfull \hbox (9.82341pt too wide) in paragraph at lines 435--438
[] 
 []


Overfull \hbox (9.82341pt too wide) in paragraph at lines 435--438
[] 
 []


Underfull \hbox (badness 10000) in paragraph at lines 435--438

 []

[125] [126]
Underfull \hbox (badness 1577) in paragraph at lines 442--442
[]\OT1/cmr/bx/n/10 Aufgabenseminar Quanten- und
 []


Overfull \hbox (9.82341pt too wide) in paragraph at lines 442--445
[] 
 []


Overfull \hbox (9.82341pt too wide) in paragraph at lines 442--445
[] 
 []


Overfull \hbox (9.82341pt too wide) in paragraph at lines 442--445
[] 
 []


Overfull \hbox (9.82341pt too wide) in paragraph at lines 442--445
[] 
 []


Underfull \hbox (badness 10000) in paragraph at lines 442--445

 []

[127] [128]
Overfull \hbox (9.82341pt too wide) in paragraph at lines 449--452
[] 
 []


Overfull \hbox (9.82341pt too wide) in paragraph at lines 449--452
[] 
 []


Overfull \hbox (9.82341pt too wide) in paragraph at lines 449--452
[] 
 []


Overfull \hbox (9.82341pt too wide) in paragraph at lines 449--452
[] 
 []


Underfull \hbox (badness 10000) in paragraph at lines 449--452

 []

[129] [130]
Overfull \hbox (9.82341pt too wide) in paragraph at lines 456--459
[] 
 []


Overfull \hbox (9.82341pt too wide) in paragraph at lines 456--459
[] 
 []


Overfull \hbox (9.82341pt too wide) in paragraph at lines 456--459
[] 
 []


Overfull \hbox (9.82341pt too wide) in paragraph at lines 456--459
[] 
 []


Underfull \hbox (badness 10000) in paragraph at lines 456--459

 []

[131]
Overfull \hbox (9.82341pt too wide) in paragraph at lines 463--466
[] 
 []


Overfull \hbox (9.82341pt too wide) in paragraph at lines 463--466
[] 
 []


Overfull \hbox (9.82341pt too wide) in paragraph at lines 463--466
[] 
 []


Overfull \hbox (9.82341pt too wide) in paragraph at lines 463--466
[] 
 []


Underfull \hbox (badness 10000) in paragraph at lines 463--466

 []

[132] [133]
Underfull \hbox (badness 1558) in paragraph at lines 470--470
[]\OT1/cmr/bx/n/10 Experiment Op-ti-sche Ab-bil-dun-
 []


Underfull \hbox (badness 1558) in paragraph at lines 470--470
[]\OT1/cmr/bx/n/10 Experiment Op-ti-sche Ab-bil-dun-
 []


Overfull \hbox (9.82341pt too wide) in paragraph at lines 470--473
[] 
 []


Overfull \hbox (9.82341pt too wide) in paragraph at lines 470--473
[] 
 []


Overfull \hbox (9.82341pt too wide) in paragraph at lines 470--473
[] 
 []


Overfull \hbox (9.82341pt too wide) in paragraph at lines 470--473
[] 
 []


Underfull \hbox (badness 10000) in paragraph at lines 470--473

 []

[134] [135]
Overfull \hbox (9.82341pt too wide) in paragraph at lines 477--480
[] 
 []


Overfull \hbox (9.82341pt too wide) in paragraph at lines 477--480
[] 
 []


Overfull \hbox (9.82341pt too wide) in paragraph at lines 477--480
[] 
 []


Overfull \hbox (9.82341pt too wide) in paragraph at lines 477--480
[] 
 []


Underfull \hbox (badness 10000) in paragraph at lines 477--480

 []

[136] [137]
Overfull \hbox (9.82341pt too wide) in paragraph at lines 484--487
[] 
 []


Overfull \hbox (9.82341pt too wide) in paragraph at lines 484--487
[] 
 []


Overfull \hbox (9.82341pt too wide) in paragraph at lines 484--487
[] 
 []


Overfull \hbox (9.82341pt too wide) in paragraph at lines 484--487
[] 
 []


Underfull \hbox (badness 10000) in paragraph at lines 484--487

 []

[138] [139]
Overfull \hbox (9.82341pt too wide) in paragraph at lines 491--494
[] 
 []


Overfull \hbox (9.82341pt too wide) in paragraph at lines 491--494
[] 
 []


Overfull \hbox (9.82341pt too wide) in paragraph at lines 491--494
[] 
 []


Overfull \hbox (9.82341pt too wide) in paragraph at lines 491--494
[] 
 []


Underfull \hbox (badness 10000) in paragraph at lines 491--494

 []

[140] [141]
Underfull \hbox (badness 2384) in paragraph at lines 498--498
[]\OT1/cmr/bx/n/10 Experiment spe-zi-fi-sche Elek-tro-
 []


Underfull \hbox (badness 2384) in paragraph at lines 498--498
[]\OT1/cmr/bx/n/10 Experiment spe-zi-fi-sche Elek-tro-
 []


Overfull \hbox (9.82341pt too wide) in paragraph at lines 498--501
[] 
 []


Overfull \hbox (9.82341pt too wide) in paragraph at lines 498--501
[] 
 []


Overfull \hbox (9.82341pt too wide) in paragraph at lines 498--501
[] 
 []


Overfull \hbox (9.82341pt too wide) in paragraph at lines 498--501
[] 
 []


Underfull \hbox (badness 10000) in paragraph at lines 498--501

 []

[142] [143]
Overfull \hbox (9.82341pt too wide) in paragraph at lines 505--508
[] 
 []


Overfull \hbox (9.82341pt too wide) in paragraph at lines 505--508
[] 
 []


Overfull \hbox (9.82341pt too wide) in paragraph at lines 505--508
[] 
 []


Overfull \hbox (9.82341pt too wide) in paragraph at lines 505--508
[] 
 []


Underfull \hbox (badness 10000) in paragraph at lines 505--508

 []

[144] [145]
Overfull \hbox (9.82341pt too wide) in paragraph at lines 512--515
[] 
 []


Overfull \hbox (9.82341pt too wide) in paragraph at lines 512--515
[] 
 []


Overfull \hbox (9.82341pt too wide) in paragraph at lines 512--515
[] 
 []


Overfull \hbox (9.82341pt too wide) in paragraph at lines 512--515
[] 
 []


Underfull \hbox (badness 10000) in paragraph at lines 512--515

 []

[146] [147]
Overfull \hbox (9.82341pt too wide) in paragraph at lines 519--522
[] 
 []


Overfull \hbox (9.82341pt too wide) in paragraph at lines 519--522
[] 
 []


Overfull \hbox (9.82341pt too wide) in paragraph at lines 519--522
[] 
 []


Overfull \hbox (9.82341pt too wide) in paragraph at lines 519--522
[] 
 []


Underfull \hbox (badness 10000) in paragraph at lines 519--522

 []

[148] [149]
Underfull \hbox (badness 10000) in paragraph at lines 526--526
[]\OT1/cmr/bx/n/10 Aufgabenseminar Elek-tro-dy-na-
 []


Overfull \hbox (9.82341pt too wide) in paragraph at lines 526--529
[] 
 []


Overfull \hbox (9.82341pt too wide) in paragraph at lines 526--529
[] 
 []


Overfull \hbox (9.82341pt too wide) in paragraph at lines 526--529
[] 
 []


Overfull \hbox (9.82341pt too wide) in paragraph at lines 526--529
[] 
 []


Underfull \hbox (badness 10000) in paragraph at lines 526--529

 []

[150] [151]
Overfull \hbox (9.82341pt too wide) in paragraph at lines 533--536
[] 
 []


Overfull \hbox (9.82341pt too wide) in paragraph at lines 533--536
[] 
 []


Overfull \hbox (9.82341pt too wide) in paragraph at lines 533--536
[] 
 []


Overfull \hbox (9.82341pt too wide) in paragraph at lines 533--536
[] 
 []


Underfull \hbox (badness 10000) in paragraph at lines 533--536

 []

[152] [153]
Overfull \hbox (9.82341pt too wide) in paragraph at lines 540--543
[] 
 []


Overfull \hbox (9.82341pt too wide) in paragraph at lines 540--543
[] 
 []


Overfull \hbox (9.82341pt too wide) in paragraph at lines 540--543
[] 
 []


Overfull \hbox (9.82341pt too wide) in paragraph at lines 540--543
[] 
 []


Underfull \hbox (badness 10000) in paragraph at lines 540--543

 []

[154]
Underfull \hbox (badness 1577) in paragraph at lines 547--547
[]\OT1/cmr/bx/n/10 Aufgabenseminar Quanten- und
 []


Overfull \hbox (9.82341pt too wide) in paragraph at lines 547--550
[] 
 []


Overfull \hbox (9.82341pt too wide) in paragraph at lines 547--550
[] 
 []


Overfull \hbox (9.82341pt too wide) in paragraph at lines 547--550
[] 
 []


Overfull \hbox (9.82341pt too wide) in paragraph at lines 547--550
[] 
 []


Underfull \hbox (badness 10000) in paragraph at lines 547--550

 []

[155] [156]
Overfull \hbox (9.82341pt too wide) in paragraph at lines 554--557
[] 
 []


Overfull \hbox (9.82341pt too wide) in paragraph at lines 554--557
[] 
 []


Overfull \hbox (9.82341pt too wide) in paragraph at lines 554--557
[] 
 []


Overfull \hbox (9.82341pt too wide) in paragraph at lines 554--557
[] 
 []


Underfull \hbox (badness 10000) in paragraph at lines 554--557

 []

[157]
Overfull \hbox (9.82341pt too wide) in paragraph at lines 561--564
[] 
 []


Overfull \hbox (9.82341pt too wide) in paragraph at lines 561--564
[] 
 []


Overfull \hbox (9.82341pt too wide) in paragraph at lines 561--564
[] 
 []


Overfull \hbox (9.82341pt too wide) in paragraph at lines 561--564
[] 
 []


Underfull \hbox (badness 10000) in paragraph at lines 561--564

 []

[158]
Overfull \hbox (9.82341pt too wide) in paragraph at lines 568--571
[] 
 []


Overfull \hbox (9.82341pt too wide) in paragraph at lines 568--571
[] 
 []


Overfull \hbox (9.82341pt too wide) in paragraph at lines 568--571
[] 
 []


Overfull \hbox (9.82341pt too wide) in paragraph at lines 568--571
[] 
 []


Underfull \hbox (badness 10000) in paragraph at lines 568--571

 []

[159]
Overfull \hbox (9.82341pt too wide) in paragraph at lines 575--578
[] 
 []


Overfull \hbox (9.82341pt too wide) in paragraph at lines 575--578
[] 
 []


Overfull \hbox (9.82341pt too wide) in paragraph at lines 575--578
[] 
 []


Overfull \hbox (9.82341pt too wide) in paragraph at lines 575--578
[] 
 []


Underfull \hbox (badness 10000) in paragraph at lines 575--578

 []

[160] [161] (./LokalerStundenplan.aux) ) 
Here is how much of TeX's memory you used:
 1060 strings out of 494287
 12255 string characters out of 6161800
 86029 words of memory out of 5000000
 4444 multiletter control sequences out of 15000+600000
 4553 words of font info for 17 fonts, out of 8000000 for 9000
 372 hyphenation exceptions out of 8191
 25i,9n,23p,3844b,161s stack positions out of 5000i,500n,10000p,200000b,80000s
</usr/share/texlive/texmf-dist/fonts/ty
pe1/public/amsfonts/cm/cmbx10.pfb></usr/share/texlive/texmf-dist/fonts/type1/pu
blic/amsfonts/cm/cmbx12.pfb></usr/share/texlive/texmf-dist/fonts/type1/public/a
msfonts/cm/cmr10.pfb></usr/share/texlive/texmf-dist/fonts/type1/public/amsfonts
/cm/cmr12.pfb>
Output written on LokalerStundenplan.pdf (161 pages, 352797 bytes).
PDF statistics:
 539 PDF objects out of 1000 (max. 8388607)
 368 compressed objects within 4 object streams
 0 named destinations out of 1000 (max. 500000)
 1 words of extra memory for PDF output out of 10000 (max. 10000000)

